0 info it worked if it ends with ok
1 verbose cli [ '/home/tiago/.nvm/versions/node/v5.7.1/bin/node',
1 verbose cli   '/home/tiago/.nvm/versions/node/v5.7.1/bin/npm',
1 verbose cli   'install',
1 verbose cli   '-g',
1 verbose cli   'jekyll-server' ]
2 info using npm@3.6.0
3 info using node@v5.7.1
4 silly loadCurrentTree Starting
5 silly install loadCurrentTree
6 silly install readGlobalPackageData
7 silly fetchPackageMetaData jekyll-server
8 silly fetchNamedPackageData jekyll-server
9 silly mapToRegistry name jekyll-server
10 silly mapToRegistry using default registry
11 silly mapToRegistry registry https://registry.npmjs.org/
12 silly mapToRegistry uri https://registry.npmjs.org/jekyll-server
13 verbose request uri https://registry.npmjs.org/jekyll-server
14 verbose request no auth needed
15 info attempt registry request try #1 at 1:04:25 AM
16 verbose request id e5f410a5f7d76330
17 http request GET https://registry.npmjs.org/jekyll-server
18 http 404 https://registry.npmjs.org/jekyll-server
19 verbose headers { 'content-type': 'application/json',
19 verbose headers   'cache-control': 'max-age=0',
19 verbose headers   'content-length': '2',
19 verbose headers   'accept-ranges': 'bytes',
19 verbose headers   date: 'Wed, 18 May 2016 04:04:26 GMT',
19 verbose headers   via: '1.1 varnish',
19 verbose headers   age: '0',
19 verbose headers   connection: 'keep-alive',
19 verbose headers   'x-served-by': 'cache-atl6235-ATL',
19 verbose headers   'x-cache': 'MISS',
19 verbose headers   'x-cache-hits': '0',
19 verbose headers   'x-timer': 'S1463544265.749875,VS0,VE393',
19 verbose headers   vary: 'Accept-Encoding' }
20 silly get cb [ 404,
20 silly get   { 'content-type': 'application/json',
20 silly get     'cache-control': 'max-age=0',
20 silly get     'content-length': '2',
20 silly get     'accept-ranges': 'bytes',
20 silly get     date: 'Wed, 18 May 2016 04:04:26 GMT',
20 silly get     via: '1.1 varnish',
20 silly get     age: '0',
20 silly get     connection: 'keep-alive',
20 silly get     'x-served-by': 'cache-atl6235-ATL',
20 silly get     'x-cache': 'MISS',
20 silly get     'x-cache-hits': '0',
20 silly get     'x-timer': 'S1463544265.749875,VS0,VE393',
20 silly get     vary: 'Accept-Encoding' } ]
21 silly fetchPackageMetaData Error: Registry returned 404 for GET on https://registry.npmjs.org/jekyll-server
21 silly fetchPackageMetaData     at makeError (/home/tiago/.nvm/versions/node/v5.7.1/lib/node_modules/npm/node_modules/npm-registry-client/lib/request.js:264:12)
21 silly fetchPackageMetaData     at CachingRegistryClient.<anonymous> (/home/tiago/.nvm/versions/node/v5.7.1/lib/node_modules/npm/node_modules/npm-registry-client/lib/request.js:242:14)
21 silly fetchPackageMetaData     at Request._callback (/home/tiago/.nvm/versions/node/v5.7.1/lib/node_modules/npm/node_modules/npm-registry-client/lib/request.js:172:14)
21 silly fetchPackageMetaData     at Request.self.callback (/home/tiago/.nvm/versions/node/v5.7.1/lib/node_modules/npm/node_modules/request/request.js:198:22)
21 silly fetchPackageMetaData     at emitTwo (events.js:100:13)
21 silly fetchPackageMetaData     at Request.emit (events.js:185:7)
21 silly fetchPackageMetaData     at Request.<anonymous> (/home/tiago/.nvm/versions/node/v5.7.1/lib/node_modules/npm/node_modules/request/request.js:1035:10)
21 silly fetchPackageMetaData     at emitOne (events.js:95:20)
21 silly fetchPackageMetaData     at Request.emit (events.js:182:7)
21 silly fetchPackageMetaData     at IncomingMessage.<anonymous> (/home/tiago/.nvm/versions/node/v5.7.1/lib/node_modules/npm/node_modules/request/request.js:962:12)
21 silly fetchPackageMetaData  error for jekyll-server { [Error: Registry returned 404 for GET on https://registry.npmjs.org/jekyll-server] pkgid: 'jekyll-server', statusCode: 404, code: 'E404' }
22 silly rollbackFailedOptional Starting
23 silly rollbackFailedOptional Finishing
24 silly runTopLevelLifecycles Starting
25 silly runTopLevelLifecycles Finishing
26 silly install printInstalled
27 verbose stack Error: Registry returned 404 for GET on https://registry.npmjs.org/jekyll-server
27 verbose stack     at makeError (/home/tiago/.nvm/versions/node/v5.7.1/lib/node_modules/npm/node_modules/npm-registry-client/lib/request.js:264:12)
27 verbose stack     at CachingRegistryClient.<anonymous> (/home/tiago/.nvm/versions/node/v5.7.1/lib/node_modules/npm/node_modules/npm-registry-client/lib/request.js:242:14)
27 verbose stack     at Request._callback (/home/tiago/.nvm/versions/node/v5.7.1/lib/node_modules/npm/node_modules/npm-registry-client/lib/request.js:172:14)
27 verbose stack     at Request.self.callback (/home/tiago/.nvm/versions/node/v5.7.1/lib/node_modules/npm/node_modules/request/request.js:198:22)
27 verbose stack     at emitTwo (events.js:100:13)
27 verbose stack     at Request.emit (events.js:185:7)
27 verbose stack     at Request.<anonymous> (/home/tiago/.nvm/versions/node/v5.7.1/lib/node_modules/npm/node_modules/request/request.js:1035:10)
27 verbose stack     at emitOne (events.js:95:20)
27 verbose stack     at Request.emit (events.js:182:7)
27 verbose stack     at IncomingMessage.<anonymous> (/home/tiago/.nvm/versions/node/v5.7.1/lib/node_modules/npm/node_modules/request/request.js:962:12)
28 verbose statusCode 404
29 verbose pkgid jekyll-server
30 verbose cwd /home/tiago/Dropbox/Tiago-Lira.github.io
31 error Linux 3.19.0-59-generic
32 error argv "/home/tiago/.nvm/versions/node/v5.7.1/bin/node" "/home/tiago/.nvm/versions/node/v5.7.1/bin/npm" "install" "-g" "jekyll-server"
33 error node v5.7.1
34 error npm  v3.6.0
35 error code E404
36 error 404 Registry returned 404 for GET on https://registry.npmjs.org/jekyll-server
37 error 404
38 error 404 'jekyll-server' is not in the npm registry.
39 error 404 You should bug the author to publish it (or use the name yourself!)
40 error 404 Note that you can also install from a
41 error 404 tarball, folder, http url, or git url.
42 verbose exit [ 1, true ]
